<?xml version="1.0" encoding="UTF-8"?>
<testsuite name="com.example.testit.TaskControllerTest" tests="3" skipped="0" failures="1" errors="0" timestamp="2026-02-16T10:41:40.587Z" hostname="ASOUX" time="1.172">
  <properties/>
  <testcase name="createTask_shouldCreateTask()" classname="com.example.testit.TaskControllerTest" time="0.81">
    <failure message="java.lang.AssertionError: Status expected:&lt;200&gt; but was:&lt;403&gt;" type="java.lang.AssertionError">java.lang.AssertionError: Status expected:&lt;200&gt; but was:&lt;403&gt;
	at org.springframework.test.util.AssertionErrors.fail(AssertionErrors.java:59)
	at org.springframework.test.util.AssertionErrors.assertEquals(AssertionErrors.java:122)
	at org.springframework.test.web.servlet.result.StatusResultMatchers.lambda$matcher$9(StatusResultMatchers.java:637)
	at org.springframework.test.web.servlet.MockMvc$1.andExpect(MockMvc.java:214)
	at com.example.testit.TaskControllerTest.createTask_shouldCreateTask(TaskControllerTest.java:76)
	at java.base/jdk.internal.reflect.DirectMethodHandleAccessor.invoke(DirectMethodHandleAccessor.java:103)
	at java.base/java.lang.reflect.Method.invoke(Method.java:580)
	at org.junit.platform.commons.util.ReflectionUtils.invokeMethod(ReflectionUtils.java:728)
	at org.junit.jupiter.engine.execution.MethodInvocation.proceed(MethodInvocation.java:60)
	at org.junit.jupiter.engine.execution.InvocationInterceptorChain$ValidatingInvocation.proceed(InvocationInterceptorChain.java:131)
	at org.junit.jupiter.engine.extension.TimeoutExtension.intercept(TimeoutExtension.java:156)
	at org.junit.jupiter.engine.extension.TimeoutExtension.interceptTestableMethod(TimeoutExtension.java:147)
	at org.junit.jupiter.engine.extension.TimeoutExtension.interceptTestMethod(TimeoutExtension.java:86)
	at org.junit.jupiter.engine.execution.InterceptingExecutableInvoker$ReflectiveInterceptorCall.lambda$ofVoidMethod$0(InterceptingExecutableInvoker.java:103)
	at org.junit.jupiter.engine.execution.InterceptingExecutableInvoker.lambda$invoke$0(InterceptingExecutableInvoker.java:93)
	at org.junit.jupiter.engine.execution.InvocationInterceptorChain$InterceptedInvocation.proceed(InvocationInterceptorChain.java:106)
	at org.junit.jupiter.engine.execution.InvocationInterceptorChain.proceed(InvocationInterceptorChain.java:64)
	at org.junit.jupiter.engine.execution.InvocationInterceptorChain.chainAndInvoke(InvocationInterceptorChain.java:45)
	at org.junit.jupiter.engine.execution.InvocationInterceptorChain.invoke(InvocationInterceptorChain.java:37)
	at org.junit.jupiter.engine.execution.InterceptingExecutableInvoker.invoke(InterceptingExecutableInvoker.java:92)
	at org.junit.jupiter.engine.execution.InterceptingExecutableInvoker.invoke(InterceptingExecutableInvoker.java:86)
	at org.junit.jupiter.engine.descriptor.TestMethodTestDescriptor.lambda$invokeTestMethod$7(TestMethodTestDescriptor.java:218)
	at org.junit.platform.engine.support.hierarchical.ThrowableCollector.execute(ThrowableCollector.java:73)
	at org.junit.jupiter.engine.descriptor.TestMethodTestDescriptor.invokeTestMethod(TestMethodTestDescriptor.java:214)
	at org.junit.jupiter.engine.descriptor.TestMethodTestDescriptor.execute(TestMethodTestDescriptor.java:139)
	at org.junit.jupiter.engine.descriptor.TestMethodTestDescriptor.execute(TestMethodTestDescriptor.java:69)
	at org.junit.platform.engine.support.hierarchical.NodeTestTask.lambda$executeRecursively$6(NodeTestTask.java:151)
	at org.junit.platform.engine.support.hierarchical.ThrowableCollector.execute(ThrowableCollector.java:73)
	at org.junit.platform.engine.support.hierarchical.NodeTestTask.lambda$executeRecursively$8(NodeTestTask.java:141)
	at org.junit.platform.engine.support.hierarchical.Node.around(Node.java:137)
	at org.junit.platform.engine.support.hierarchical.NodeTestTask.lambda$executeRecursively$9(NodeTestTask.java:139)
	at org.junit.platform.engine.support.hierarchical.ThrowableCollector.execute(ThrowableCollector.java:73)
	at org.junit.platform.engine.support.hierarchical.NodeTestTask.executeRecursively(NodeTestTask.java:138)
	at org.junit.platform.engine.support.hierarchical.NodeTestTask.execute(NodeTestTask.java:95)
	at java.base/java.util.ArrayList.forEach(ArrayList.java:1596)
	at org.junit.platform.engine.support.hierarchical.SameThreadHierarchicalTestExecutorService.invokeAll(SameThreadHierarchicalTestExecutorService.java:41)
	at org.junit.platform.engine.support.hierarchical.NodeTestTask.lambda$executeRecursively$6(NodeTestTask.java:155)
	at org.junit.platform.engine.support.hierarchical.ThrowableCollector.execute(ThrowableCollector.java:73)
	at org.junit.platform.engine.support.hierarchical.NodeTestTask.lambda$executeRecursively$8(NodeTestTask.java:141)
	at org.junit.platform.engine.support.hierarchical.Node.around(Node.java:137)
	at org.junit.platform.engine.support.hierarchical.NodeTestTask.lambda$executeRecursively$9(NodeTestTask.java:139)
	at org.junit.platform.engine.support.hierarchical.ThrowableCollector.execute(ThrowableCollector.java:73)
	at org.junit.platform.engine.support.hierarchical.NodeTestTask.executeRecursively(NodeTestTask.java:138)
	at org.junit.platform.engine.support.hierarchical.NodeTestTask.execute(NodeTestTask.java:95)
	at java.base/java.util.ArrayList.forEach(ArrayList.java:1596)
	at org.junit.platform.engine.support.hierarchical.SameThreadHierarchicalTestExecutorService.invokeAll(SameThreadHierarchicalTestExecutorService.java:41)
	at org.junit.platform.engine.support.hierarchical.NodeTestTask.lambda$executeRecursively$6(NodeTestTask.java:155)
	at org.junit.platform.engine.support.hierarchical.ThrowableCollector.execute(ThrowableCollector.java:73)
	at org.junit.platform.engine.support.hierarchical.NodeTestTask.lambda$executeRecursively$8(NodeTestTask.java:141)
	at org.junit.platform.engine.support.hierarchical.Node.around(Node.java:137)
	at org.junit.platform.engine.support.hierarchical.NodeTestTask.lambda$executeRecursively$9(NodeTestTask.java:139)
	at org.junit.platform.engine.support.hierarchical.ThrowableCollector.execute(ThrowableCollector.java:73)
	at org.junit.platform.engine.support.hierarchical.NodeTestTask.executeRecursively(NodeTestTask.java:138)
	at org.junit.platform.engine.support.hierarchical.NodeTestTask.execute(NodeTestTask.java:95)
	at org.junit.platform.engine.support.hierarchical.SameThreadHierarchicalTestExecutorService.submit(SameThreadHierarchicalTestExecutorService.java:35)
	at org.junit.platform.engine.support.hierarchical.HierarchicalTestExecutor.execute(HierarchicalTestExecutor.java:57)
	at org.junit.platform.engine.support.hierarchical.HierarchicalTestEngine.execute(HierarchicalTestEngine.java:54)
	at org.junit.platform.launcher.core.EngineExecutionOrchestrator.execute(EngineExecutionOrchestrator.java:107)
	at org.junit.platform.launcher.core.EngineExecutionOrchestrator.execute(EngineExecutionOrchestrator.java:88)
	at org.junit.platform.launcher.core.EngineExecutionOrchestrator.lambda$execute$0(EngineExecutionOrchestrator.java:54)
	at org.junit.platform.launcher.core.EngineExecutionOrchestrator.withInterceptedStreams(EngineExecutionOrchestrator.java:67)
	at org.junit.platform.launcher.core.EngineExecutionOrchestrator.execute(EngineExecutionOrchestrator.java:52)
	at org.junit.platform.launcher.core.DefaultLauncher.execute(DefaultLauncher.java:114)
	at org.junit.platform.launcher.core.DefaultLauncher.execute(DefaultLauncher.java:86)
	at org.junit.platform.launcher.core.DefaultLauncherSession$DelegatingLauncher.execute(DefaultLauncherSession.java:86)
	at org.gradle.api.internal.tasks.testing.junitplatform.JUnitPlatformTestClassProcessor$CollectAllTestClassesExecutor.processAllTestClasses(JUnitPlatformTestClassProcessor.java:124)
	at org.gradle.api.internal.tasks.testing.junitplatform.JUnitPlatformTestClassProcessor$CollectAllTestClassesExecutor.access$000(JUnitPlatformTestClassProcessor.java:99)
	at org.gradle.api.internal.tasks.testing.junitplatform.JUnitPlatformTestClassProcessor.stop(JUnitPlatformTestClassProcessor.java:94)
	at org.gradle.api.internal.tasks.testing.SuiteTestClassProcessor.stop(SuiteTestClassProcessor.java:63)
	at java.base/jdk.internal.reflect.DirectMethodHandleAccessor.invoke(DirectMethodHandleAccessor.java:103)
	at java.base/java.lang.reflect.Method.invoke(Method.java:580)
	at org.gradle.internal.dispatch.ReflectionDispatch.dispatch(ReflectionDispatch.java:36)
	at org.gradle.internal.dispatch.ReflectionDispatch.dispatch(ReflectionDispatch.java:24)
	at org.gradle.internal.dispatch.ContextClassLoaderDispatch.dispatch(ContextClassLoaderDispatch.java:33)
	at org.gradle.internal.dispatch.ProxyDispatchAdapter$DispatchingInvocationHandler.invoke(ProxyDispatchAdapter.java:92)
	at jdk.proxy1/jdk.proxy1.$Proxy4.stop(Unknown Source)
	at org.gradle.api.internal.tasks.testing.worker.TestWorker$3.run(TestWorker.java:200)
	at org.gradle.api.internal.tasks.testing.worker.TestWorker.executeAndMaintainThreadName(TestWorker.java:132)
	at org.gradle.api.internal.tasks.testing.worker.TestWorker.execute(TestWorker.java:103)
	at org.gradle.api.internal.tasks.testing.worker.TestWorker.execute(TestWorker.java:63)
	at org.gradle.process.internal.worker.child.ActionExecutionWorker.execute(ActionExecutionWorker.java:56)
	at org.gradle.process.internal.worker.child.SystemApplicationClassLoaderWorker.call(SystemApplicationClassLoaderWorker.java:122)
	at org.gradle.process.internal.worker.child.SystemApplicationClassLoaderWorker.call(SystemApplicationClassLoaderWorker.java:72)
	at worker.org.gradle.process.internal.worker.GradleWorkerMain.run(GradleWorkerMain.java:69)
	at worker.org.gradle.process.internal.worker.GradleWorkerMain.main(GradleWorkerMain.java:74)
</failure>
  </testcase>
  <testcase name="getTasksByUser_shouldReturnUserTasks()" classname="com.example.testit.TaskControllerTest" time="0.221"/>
  <testcase name="getAllTasks_shouldReturnEmptyList_initially()" classname="com.example.testit.TaskControllerTest" time="0.138"/>
  <system-out><![CDATA[11:41:35.704 [Test worker] INFO org.springframework.test.context.support.AnnotationConfigContextLoaderUtils -- Could not detect default configuration classes for test class [com.example.testit.TaskControllerTest]: TaskControllerTest does not declare any static, non-private, non-final, nested classes annotated with @Configuration.
11:41:35.794 [Test worker] INFO org.springframework.boot.test.context.SpringBootTestContextBootstrapper -- Found @SpringBootConfiguration com.example.testit.TestItApplication for test class com.example.testit.TaskControllerTest

  .   ____          _            __ _ _
 /\\ / ___'_ __ _ _(_)_ __  __ _ \ \ \ \
( ( )\___ | '_ | '_| | '_ \/ _` | \ \ \ \
 \\/  ___)| |_)| | | | | || (_| |  ) ) ) )
  '  |____| .__|_| |_|_| |_\__, | / / / /
 =========|_|==============|___/=/_/_/_/
 :: Spring Boot ::                (v3.2.0)

2026-02-16T11:41:36.125+01:00  INFO 35352 --- [    Test worker] com.example.testit.TaskControllerTest    : Starting TaskControllerTest using Java 21 with PID 35352 (started by luth3r in /home/luth3r/Documents/Polytech/5A IA2R/SIR/Fullstack/TP2 Security/test-it)
2026-02-16T11:41:36.127+01:00  INFO 35352 --- [    Test worker] com.example.testit.TaskControllerTest    : No active profile set, falling back to 1 default profile: "default"
2026-02-16T11:41:36.753+01:00  INFO 35352 --- [    Test worker] .s.d.r.c.RepositoryConfigurationDelegate : Bootstrapping Spring Data JPA repositories in DEFAULT mode.
2026-02-16T11:41:36.800+01:00  INFO 35352 --- [    Test worker] .s.d.r.c.RepositoryConfigurationDelegate : Finished Spring Data repository scanning in 40 ms. Found 2 JPA repository interfaces.
2026-02-16T11:41:37.200+01:00  INFO 35352 --- [    Test worker] com.zaxxer.hikari.HikariDataSource       : HikariPool-1 - Starting...
2026-02-16T11:41:37.360+01:00  INFO 35352 --- [    Test worker] com.zaxxer.hikari.pool.HikariPool        : HikariPool-1 - Added connection conn0: url=jdbc:h2:mem:testdb user=SA
2026-02-16T11:41:37.361+01:00  INFO 35352 --- [    Test worker] com.zaxxer.hikari.HikariDataSource       : HikariPool-1 - Start completed.
2026-02-16T11:41:37.423+01:00  INFO 35352 --- [    Test worker] liquibase.database                       : Set default schema name to PUBLIC
2026-02-16T11:41:37.919+01:00  INFO 35352 --- [    Test worker] liquibase.changelog                      : Creating database history table with name: PUBLIC.DATABASECHANGELOG
2026-02-16T11:41:38.012+01:00  INFO 35352 --- [    Test worker] liquibase.changelog                      : Reading from PUBLIC.DATABASECHANGELOG
2026-02-16T11:41:38.106+01:00  INFO 35352 --- [    Test worker] liquibase.lockservice                    : Successfully acquired change log lock
2026-02-16T11:41:38.108+01:00  INFO 35352 --- [    Test worker] liquibase.command                        : Using deploymentId: 1238498107
2026-02-16T11:41:38.109+01:00  INFO 35352 --- [    Test worker] liquibase.changelog                      : Reading from PUBLIC.DATABASECHANGELOG
Running Changeset: db/changelog/001-create-users-table.xml::001::testit
2026-02-16T11:41:38.153+01:00  INFO 35352 --- [    Test worker] liquibase.changelog                      : Table users created
2026-02-16T11:41:38.154+01:00  INFO 35352 --- [    Test worker] liquibase.changelog                      : ChangeSet db/changelog/001-create-users-table.xml::001::testit ran successfully in 11ms
Running Changeset: db/changelog/002-create-task-table.xml::002::testit
2026-02-16T11:41:38.169+01:00  INFO 35352 --- [    Test worker] liquibase.changelog                      : Table task created
2026-02-16T11:41:38.171+01:00  INFO 35352 --- [    Test worker] liquibase.changelog                      : Sequence task_seq created
2026-02-16T11:41:38.172+01:00  INFO 35352 --- [    Test worker] liquibase.changelog                      : ChangeSet db/changelog/002-create-task-table.xml::002::testit ran successfully in 7ms
2026-02-16T11:41:38.180+01:00  INFO 35352 --- [    Test worker] liquibase.util                           : UPDATE SUMMARY
2026-02-16T11:41:38.180+01:00  INFO 35352 --- [    Test worker] liquibase.util                           : Run:                          2
2026-02-16T11:41:38.181+01:00  INFO 35352 --- [    Test worker] liquibase.util                           : Previously run:               0
2026-02-16T11:41:38.181+01:00  INFO 35352 --- [    Test worker] liquibase.util                           : Filtered out:                 0
2026-02-16T11:41:38.181+01:00  INFO 35352 --- [    Test worker] liquibase.util                           : -------------------------------
2026-02-16T11:41:38.182+01:00  INFO 35352 --- [    Test worker] liquibase.util                           : Total change sets:            2
2026-02-16T11:41:38.182+01:00  INFO 35352 --- [    Test worker] liquibase.util                           : Update summary generated
2026-02-16T11:41:38.184+01:00  INFO 35352 --- [    Test worker] liquibase.command                        : Update command completed successfully.
Liquibase: Update has been successful. Rows affected: 2
2026-02-16T11:41:38.187+01:00  INFO 35352 --- [    Test worker] liquibase.lockservice                    : Successfully released change log lock
2026-02-16T11:41:38.187+01:00  INFO 35352 --- [    Test worker] liquibase.command                        : Command execution complete
2026-02-16T11:41:38.298+01:00  INFO 35352 --- [    Test worker] o.hibernate.jpa.internal.util.LogHelper  : HHH000204: Processing PersistenceUnitInfo [name: default]
2026-02-16T11:41:38.342+01:00  INFO 35352 --- [    Test worker] org.hibernate.Version                    : HHH000412: Hibernate ORM core version 6.3.1.Final
2026-02-16T11:41:38.374+01:00  INFO 35352 --- [    Test worker] o.h.c.internal.RegionFactoryInitiator    : HHH000026: Second-level cache disabled
2026-02-16T11:41:38.545+01:00  INFO 35352 --- [    Test worker] o.s.o.j.p.SpringPersistenceUnitInfo      : No LoadTimeWeaver setup: ignoring JPA class transformer
2026-02-16T11:41:38.570+01:00  WARN 35352 --- [    Test worker] org.hibernate.orm.deprecation            : HHH90000025: H2Dialect does not need to be specified explicitly using 'hibernate.dialect' (remove the property setting and it will be selected by default)
2026-02-16T11:41:39.116+01:00  INFO 35352 --- [    Test worker] o.h.e.t.j.p.i.JtaPlatformInitiator       : HHH000489: No JTA platform available (set 'hibernate.transaction.jta.platform' to enable JTA platform integration)
2026-02-16T11:41:39.134+01:00  INFO 35352 --- [    Test worker] j.LocalContainerEntityManagerFactoryBean : Initialized JPA EntityManagerFactory for persistence unit 'default'
2026-02-16T11:41:39.379+01:00  INFO 35352 --- [    Test worker] o.s.d.j.r.query.QueryEnhancerFactory     : Hibernate is in classpath; If applicable, HQL parser will be used.
2026-02-16T11:41:39.810+01:00 DEBUG 35352 --- [    Test worker] o.s.s.a.h.RoleHierarchyImpl              : setHierarchy() - The following role hierarchy was set: ROLE_ADMIN > ROLE_MANAGER
ROLE_MANAGER > ROLE_USER
2026-02-16T11:41:39.810+01:00 DEBUG 35352 --- [    Test worker] o.s.s.a.h.RoleHierarchyImpl              : buildRolesReachableInOneStepMap() - From role ROLE_ADMIN one can reach role ROLE_MANAGER in one step.
2026-02-16T11:41:39.810+01:00 DEBUG 35352 --- [    Test worker] o.s.s.a.h.RoleHierarchyImpl              : buildRolesReachableInOneStepMap() - From role ROLE_MANAGER one can reach role ROLE_USER in one step.
2026-02-16T11:41:39.810+01:00 DEBUG 35352 --- [    Test worker] o.s.s.a.h.RoleHierarchyImpl              : buildRolesReachableInOneOrMoreStepsMap() - From role ROLE_MANAGER one can reach [ROLE_USER] in one or more steps.
2026-02-16T11:41:39.810+01:00 DEBUG 35352 --- [    Test worker] o.s.s.a.h.RoleHierarchyImpl              : buildRolesReachableInOneOrMoreStepsMap() - From role ROLE_ADMIN one can reach [ROLE_USER, ROLE_MANAGER] in one or more steps.
2026-02-16T11:41:39.848+01:00  WARN 35352 --- [    Test worker] JpaBaseConfiguration$JpaWebConfiguration : spring.jpa.open-in-view is enabled by default. Therefore, database queries may be performed during view rendering. Explicitly configure spring.jpa.open-in-view to disable this warning
2026-02-16T11:41:40.170+01:00  INFO 35352 --- [    Test worker] o.s.s.web.DefaultSecurityFilterChain     : Will secure any request with [org.springframework.security.web.session.DisableEncodeUrlFilter@12e1413c, org.springframework.security.web.context.request.async.WebAsyncManagerIntegrationFilter@41b6ae51, org.springframework.security.web.context.SecurityContextHolderFilter@71390c8, org.springframework.security.web.header.HeaderWriterFilter@4b0a6c53, org.springframework.web.filter.CorsFilter@686a08f4, org.springframework.security.web.authentication.logout.LogoutFilter@10fef3d1, org.springframework.security.web.authentication.www.BasicAuthenticationFilter@24a29d8, org.springframework.security.web.savedrequest.RequestCacheAwareFilter@3f1bde96, org.springframework.security.web.servletapi.SecurityContextHolderAwareRequestFilter@3776c917, org.springframework.security.web.authentication.AnonymousAuthenticationFilter@60b90fd3, org.springframework.security.web.session.SessionManagementFilter@1df1bd44, org.springframework.security.web.access.ExceptionTranslationFilter@431782fe, org.springframework.security.web.access.intercept.AuthorizationFilter@de0922c]
2026-02-16T11:41:40.386+01:00  INFO 35352 --- [    Test worker] o.s.b.a.h2.H2ConsoleAutoConfiguration    : H2 console available at '/h2-console'. Database available at 'jdbc:h2:mem:testdb'
2026-02-16T11:41:40.523+01:00  INFO 35352 --- [    Test worker] o.s.b.t.m.w.SpringBootMockServletContext : Initializing Spring TestDispatcherServlet ''
2026-02-16T11:41:40.524+01:00  INFO 35352 --- [    Test worker] o.s.t.web.servlet.TestDispatcherServlet  : Initializing Servlet ''
2026-02-16T11:41:40.526+01:00  INFO 35352 --- [    Test worker] o.s.t.web.servlet.TestDispatcherServlet  : Completed initialization in 2 ms
2026-02-16T11:41:40.565+01:00  INFO 35352 --- [    Test worker] com.example.testit.TaskControllerTest    : Started TaskControllerTest in 4.626 seconds (process running for 5.622)
2026-02-16T11:41:41.197+01:00 DEBUG 35352 --- [    Test worker] o.s.security.web.FilterChainProxy        : Securing POST /tasks
2026-02-16T11:41:41.203+01:00  WARN 35352 --- [    Test worker] o.s.w.s.h.HandlerMappingIntrospector     : Cache miss for REQUEST dispatch to '/tasks' (previous null). Performing CorsConfiguration lookup. This is logged once only at WARN level, and every time at TRACE.
2026-02-16T11:41:41.268+01:00  INFO 35352 --- [    Test worker] c.e.testit.service.MyUserDetailService   : Load user by username: testuser
2026-02-16T11:41:41.315+01:00  INFO 35352 --- [    Test worker] c.e.testit.service.MyUserDetailService   : User found: testuser
2026-02-16T11:41:41.373+01:00 DEBUG 35352 --- [    Test worker] o.s.s.a.dao.DaoAuthenticationProvider    : Authenticated user
2026-02-16T11:41:41.374+01:00 DEBUG 35352 --- [    Test worker] o.s.s.w.a.www.BasicAuthenticationFilter  : Set SecurityContextHolder to UsernamePasswordAuthenticationToken [Principal=com.example.testit.security.MyUserPrincipal@4465d4ce, Credentials=[PROTECTED], Authenticated=true, Details=WebAuthenticationDetails [RemoteIpAddress=127.0.0.1, SessionId=null], Granted Authorities=[]]
2026-02-16T11:41:41.376+01:00 DEBUG 35352 --- [    Test worker] o.s.s.w.access.AccessDeniedHandlerImpl   : Responding with 403 status code

MockHttpServletRequest:
      HTTP Method = POST
      Request URI = /tasks
       Parameters = {}
          Headers = [Content-Type:"application/json;charset=UTF-8", Authorization:"Basic dGVzdHVzZXI6dGF0YQ==", Content-Length:"68"]
             Body = {
    "title": "Test Task",
    "description": "Test Description"
}

    Session Attrs = {}

Handler:
             Type = null

Async:
    Async started = false
     Async result = null

Resolved Exception:
             Type = null

ModelAndView:
        View name = null
             View = null
            Model = null

FlashMap:
       Attributes = null

MockHttpServletResponse:
           Status = 403
    Error message = Forbidden
          Headers = [Vary:"Origin", "Access-Control-Request-Method", "Access-Control-Request-Headers", X-Content-Type-Options:"nosniff", X-XSS-Protection:"0", Cache-Control:"no-cache, no-store, max-age=0, must-revalidate", Pragma:"no-cache", Expires:"0", X-Frame-Options:"DENY"]
     Content type = null
             Body = 
    Forwarded URL = null
   Redirected URL = null
          Cookies = []
2026-02-16T11:41:41.509+01:00 DEBUG 35352 --- [    Test worker] o.s.security.web.FilterChainProxy        : Securing GET /tasks/user/2
2026-02-16T11:41:41.510+01:00  INFO 35352 --- [    Test worker] c.e.testit.service.MyUserDetailService   : Load user by username: testuser
2026-02-16T11:41:41.513+01:00  INFO 35352 --- [    Test worker] c.e.testit.service.MyUserDetailService   : User found: testuser
2026-02-16T11:41:41.573+01:00 DEBUG 35352 --- [    Test worker] o.s.s.a.dao.DaoAuthenticationProvider    : Authenticated user
2026-02-16T11:41:41.573+01:00 DEBUG 35352 --- [    Test worker] o.s.s.w.a.www.BasicAuthenticationFilter  : Set SecurityContextHolder to UsernamePasswordAuthenticationToken [Principal=com.example.testit.security.MyUserPrincipal@5cfc283d, Credentials=[PROTECTED], Authenticated=true, Details=WebAuthenticationDetails [RemoteIpAddress=127.0.0.1, SessionId=null], Granted Authorities=[]]
2026-02-16T11:41:41.574+01:00 DEBUG 35352 --- [    Test worker] o.s.security.web.FilterChainProxy        : Secured GET /tasks/user/2
2026-02-16T11:41:41.686+01:00 DEBUG 35352 --- [    Test worker] o.s.security.web.FilterChainProxy        : Securing GET /tasks
2026-02-16T11:41:41.687+01:00  INFO 35352 --- [    Test worker] c.e.testit.service.MyUserDetailService   : Load user by username: testuser
2026-02-16T11:41:41.690+01:00  INFO 35352 --- [    Test worker] c.e.testit.service.MyUserDetailService   : User found: testuser
2026-02-16T11:41:41.747+01:00 DEBUG 35352 --- [    Test worker] o.s.s.a.dao.DaoAuthenticationProvider    : Authenticated user
2026-02-16T11:41:41.747+01:00 DEBUG 35352 --- [    Test worker] o.s.s.w.a.www.BasicAuthenticationFilter  : Set SecurityContextHolder to UsernamePasswordAuthenticationToken [Principal=com.example.testit.security.MyUserPrincipal@2cb962ed, Credentials=[PROTECTED], Authenticated=true, Details=WebAuthenticationDetails [RemoteIpAddress=127.0.0.1, SessionId=null], Granted Authorities=[]]
2026-02-16T11:41:41.747+01:00 DEBUG 35352 --- [    Test worker] o.s.security.web.FilterChainProxy        : Secured GET /tasks
]]></system-out>
  <system-err><![CDATA[WARNING: A Java agent has been loaded dynamically (/home/luth3r/.gradle/caches/modules-2/files-2.1/net.bytebuddy/byte-buddy-agent/1.14.10/90ed94ac044ea8953b224304c762316e91fd6b31/byte-buddy-agent-1.14.10.jar)
WARNING: If a serviceability tool is in use, please run with -XX:+EnableDynamicAgentLoading to hide this warning
WARNING: If a serviceability tool is not in use, please run with -Djdk.instrument.traceUsage for more information
WARNING: Dynamic loading of agents will be disallowed by default in a future release
]]></system-err>
</testsuite>
