<?xml version="1.0" encoding="UTF-8"?>
<testsuite name="com.example.testit.service.TaskServiceTestIT" tests="1" skipped="0" failures="0" errors="0" timestamp="2026-01-23T16:49:31.642Z" hostname="ASOUX" time="0.621">
  <properties/>
  <testcase name="test2()" classname="com.example.testit.service.TaskServiceTestIT" time="0.621"/>
  <system-out><![CDATA[17:49:27.874 [Test worker] INFO org.springframework.test.context.support.AnnotationConfigContextLoaderUtils -- Could not detect default configuration classes for test class [com.example.testit.service.TaskServiceTestIT]: TaskServiceTestIT does not declare any static, non-private, non-final, nested classes annotated with @Configuration.
17:49:27.949 [Test worker] INFO org.springframework.boot.test.context.SpringBootTestContextBootstrapper -- Found @SpringBootConfiguration com.example.testit.TestItApplication for test class com.example.testit.service.TaskServiceTestIT

  .   ____          _            __ _ _
 /\\ / ___'_ __ _ _(_)_ __  __ _ \ \ \ \
( ( )\___ | '_ | '_| | '_ \/ _` | \ \ \ \
 \\/  ___)| |_)| | | | | || (_| |  ) ) ) )
  '  |____| .__|_| |_|_| |_\__, | / / / /
 =========|_|==============|___/=/_/_/_/
 :: Spring Boot ::                (v3.2.0)

2026-01-23T17:49:28.217+01:00  INFO 136281 --- [    Test worker] c.e.testit.service.TaskServiceTestIT     : Starting TaskServiceTestIT using Java 21 with PID 136281 (started by luth3r in /home/luth3r/Documents/Polytech/5A IA2R/SIR/Fullstack/test-it)
2026-01-23T17:49:28.218+01:00  INFO 136281 --- [    Test worker] c.e.testit.service.TaskServiceTestIT     : No active profile set, falling back to 1 default profile: "default"
2026-01-23T17:49:28.716+01:00  INFO 136281 --- [    Test worker] .s.d.r.c.RepositoryConfigurationDelegate : Bootstrapping Spring Data JPA repositories in DEFAULT mode.
2026-01-23T17:49:28.761+01:00  INFO 136281 --- [    Test worker] .s.d.r.c.RepositoryConfigurationDelegate : Finished Spring Data repository scanning in 39 ms. Found 2 JPA repository interfaces.
2026-01-23T17:49:29.086+01:00  INFO 136281 --- [    Test worker] com.zaxxer.hikari.HikariDataSource       : HikariPool-1 - Starting...
2026-01-23T17:49:29.200+01:00  INFO 136281 --- [    Test worker] com.zaxxer.hikari.pool.HikariPool        : HikariPool-1 - Added connection conn0: url=jdbc:h2:mem:testdb user=SA
2026-01-23T17:49:29.202+01:00  INFO 136281 --- [    Test worker] com.zaxxer.hikari.HikariDataSource       : HikariPool-1 - Start completed.
2026-01-23T17:49:29.252+01:00  INFO 136281 --- [    Test worker] liquibase.database                       : Set default schema name to PUBLIC
2026-01-23T17:49:29.612+01:00  INFO 136281 --- [    Test worker] liquibase.changelog                      : Creating database history table with name: PUBLIC.DATABASECHANGELOG
2026-01-23T17:49:29.709+01:00  INFO 136281 --- [    Test worker] liquibase.changelog                      : Reading from PUBLIC.DATABASECHANGELOG
2026-01-23T17:49:29.780+01:00  INFO 136281 --- [    Test worker] liquibase.lockservice                    : Successfully acquired change log lock
2026-01-23T17:49:29.781+01:00  INFO 136281 --- [    Test worker] liquibase.command                        : Using deploymentId: 9186969781
2026-01-23T17:49:29.783+01:00  INFO 136281 --- [    Test worker] liquibase.changelog                      : Reading from PUBLIC.DATABASECHANGELOG
Running Changeset: db/changelog/001-create-users-table.xml::001::testit
2026-01-23T17:49:29.829+01:00  INFO 136281 --- [    Test worker] liquibase.changelog                      : Table user created
2026-01-23T17:49:29.830+01:00  INFO 136281 --- [    Test worker] liquibase.changelog                      : ChangeSet db/changelog/001-create-users-table.xml::001::testit ran successfully in 10ms
Running Changeset: db/changelog/002-create-task-table.xml::002::testit
2026-01-23T17:49:29.843+01:00  INFO 136281 --- [    Test worker] liquibase.changelog                      : Table task created
2026-01-23T17:49:29.843+01:00  INFO 136281 --- [    Test worker] liquibase.changelog                      : ChangeSet db/changelog/002-create-task-table.xml::002::testit ran successfully in 4ms
2026-01-23T17:49:29.848+01:00  INFO 136281 --- [    Test worker] liquibase.util                           : UPDATE SUMMARY
2026-01-23T17:49:29.848+01:00  INFO 136281 --- [    Test worker] liquibase.util                           : Run:                          2
2026-01-23T17:49:29.848+01:00  INFO 136281 --- [    Test worker] liquibase.util                           : Previously run:               0
2026-01-23T17:49:29.848+01:00  INFO 136281 --- [    Test worker] liquibase.util                           : Filtered out:                 0
2026-01-23T17:49:29.848+01:00  INFO 136281 --- [    Test worker] liquibase.util                           : -------------------------------
2026-01-23T17:49:29.848+01:00  INFO 136281 --- [    Test worker] liquibase.util                           : Total change sets:            2
2026-01-23T17:49:29.849+01:00  INFO 136281 --- [    Test worker] liquibase.util                           : Update summary generated
2026-01-23T17:49:29.850+01:00  INFO 136281 --- [    Test worker] liquibase.command                        : Update command completed successfully.
Liquibase: Update has been successful. Rows affected: 2
2026-01-23T17:49:29.853+01:00  INFO 136281 --- [    Test worker] liquibase.lockservice                    : Successfully released change log lock
2026-01-23T17:49:29.853+01:00  INFO 136281 --- [    Test worker] liquibase.command                        : Command execution complete
2026-01-23T17:49:29.921+01:00  INFO 136281 --- [    Test worker] o.hibernate.jpa.internal.util.LogHelper  : HHH000204: Processing PersistenceUnitInfo [name: default]
2026-01-23T17:49:29.954+01:00  INFO 136281 --- [    Test worker] org.hibernate.Version                    : HHH000412: Hibernate ORM core version 6.3.1.Final
2026-01-23T17:49:29.975+01:00  INFO 136281 --- [    Test worker] o.h.c.internal.RegionFactoryInitiator    : HHH000026: Second-level cache disabled
2026-01-23T17:49:30.127+01:00  INFO 136281 --- [    Test worker] o.s.o.j.p.SpringPersistenceUnitInfo      : No LoadTimeWeaver setup: ignoring JPA class transformer
2026-01-23T17:49:30.154+01:00  WARN 136281 --- [    Test worker] org.hibernate.orm.deprecation            : HHH90000025: H2Dialect does not need to be specified explicitly using 'hibernate.dialect' (remove the property setting and it will be selected by default)
2026-01-23T17:49:30.639+01:00  INFO 136281 --- [    Test worker] o.h.e.t.j.p.i.JtaPlatformInitiator       : HHH000489: No JTA platform available (set 'hibernate.transaction.jta.platform' to enable JTA platform integration)
2026-01-23T17:49:30.655+01:00  INFO 136281 --- [    Test worker] j.LocalContainerEntityManagerFactoryBean : Initialized JPA EntityManagerFactory for persistence unit 'default'
2026-01-23T17:49:30.853+01:00  INFO 136281 --- [    Test worker] o.s.d.j.r.query.QueryEnhancerFactory     : Hibernate is in classpath; If applicable, HQL parser will be used.
2026-01-23T17:49:31.326+01:00  WARN 136281 --- [    Test worker] JpaBaseConfiguration$JpaWebConfiguration : spring.jpa.open-in-view is enabled by default. Therefore, database queries may be performed during view rendering. Explicitly configure spring.jpa.open-in-view to disable this warning
2026-01-23T17:49:31.576+01:00  INFO 136281 --- [    Test worker] o.s.b.a.h2.H2ConsoleAutoConfiguration    : H2 console available at '/h2-console'. Database available at 'jdbc:h2:mem:testdb'
2026-01-23T17:49:31.628+01:00  INFO 136281 --- [    Test worker] c.e.testit.service.TaskServiceTestIT     : Started TaskServiceTestIT in 3.583 seconds (process running for 4.44)
]]></system-out>
  <system-err><![CDATA[WARNING: A Java agent has been loaded dynamically (/home/luth3r/.gradle/caches/modules-2/files-2.1/net.bytebuddy/byte-buddy-agent/1.14.10/90ed94ac044ea8953b224304c762316e91fd6b31/byte-buddy-agent-1.14.10.jar)
WARNING: If a serviceability tool is in use, please run with -XX:+EnableDynamicAgentLoading to hide this warning
WARNING: If a serviceability tool is not in use, please run with -Djdk.instrument.traceUsage for more information
WARNING: Dynamic loading of agents will be disallowed by default in a future release
]]></system-err>
</testsuite>
