<?xml version="1.0" encoding="UTF-8"?>
<testsuite name="com.example.testit.TaskControllerTest" tests="3" skipped="0" failures="0" errors="0" timestamp="2026-02-16T10:17:23.170Z" hostname="ASOUX" time="1.199">
  <properties/>
  <testcase name="createTask_shouldCreateTask()" classname="com.example.testit.TaskControllerTest" time="0.919"/>
  <testcase name="getTasksByUser_shouldReturnUserTasks()" classname="com.example.testit.TaskControllerTest" time="0.14"/>
  <testcase name="getAllTasks_shouldReturnEmptyList_initially()" classname="com.example.testit.TaskControllerTest" time="0.137"/>
  <system-out><![CDATA[11:17:19.146 [Test worker] INFO org.springframework.test.context.support.AnnotationConfigContextLoaderUtils -- Could not detect default configuration classes for test class [com.example.testit.TaskControllerTest]: TaskControllerTest does not declare any static, non-private, non-final, nested classes annotated with @Configuration.
11:17:19.228 [Test worker] INFO org.springframework.boot.test.context.SpringBootTestContextBootstrapper -- Found @SpringBootConfiguration com.example.testit.TestItApplication for test class com.example.testit.TaskControllerTest

  .   ____          _            __ _ _
 /\\ / ___'_ __ _ _(_)_ __  __ _ \ \ \ \
( ( )\___ | '_ | '_| | '_ \/ _` | \ \ \ \
 \\/  ___)| |_)| | | | | || (_| |  ) ) ) )
  '  |____| .__|_| |_|_| |_\__, | / / / /
 =========|_|==============|___/=/_/_/_/
 :: Spring Boot ::                (v3.2.0)

2026-02-16T11:17:19.511+01:00  INFO 33227 --- [    Test worker] com.example.testit.TaskControllerTest    : Starting TaskControllerTest using Java 21 with PID 33227 (started by luth3r in /home/luth3r/Documents/Polytech/5A IA2R/SIR/Fullstack/TP2 Security/test-it)
2026-02-16T11:17:19.513+01:00  INFO 33227 --- [    Test worker] com.example.testit.TaskControllerTest    : No active profile set, falling back to 1 default profile: "default"
2026-02-16T11:17:20.029+01:00  INFO 33227 --- [    Test worker] .s.d.r.c.RepositoryConfigurationDelegate : Bootstrapping Spring Data JPA repositories in DEFAULT mode.
2026-02-16T11:17:20.073+01:00  INFO 33227 --- [    Test worker] .s.d.r.c.RepositoryConfigurationDelegate : Finished Spring Data repository scanning in 38 ms. Found 2 JPA repository interfaces.
2026-02-16T11:17:20.441+01:00  INFO 33227 --- [    Test worker] com.zaxxer.hikari.HikariDataSource       : HikariPool-1 - Starting...
2026-02-16T11:17:20.572+01:00  INFO 33227 --- [    Test worker] com.zaxxer.hikari.pool.HikariPool        : HikariPool-1 - Added connection conn0: url=jdbc:h2:mem:testdb user=SA
2026-02-16T11:17:20.575+01:00  INFO 33227 --- [    Test worker] com.zaxxer.hikari.HikariDataSource       : HikariPool-1 - Start completed.
2026-02-16T11:17:20.622+01:00  INFO 33227 --- [    Test worker] liquibase.database                       : Set default schema name to PUBLIC
2026-02-16T11:17:21.012+01:00  INFO 33227 --- [    Test worker] liquibase.changelog                      : Creating database history table with name: PUBLIC.DATABASECHANGELOG
2026-02-16T11:17:21.082+01:00  INFO 33227 --- [    Test worker] liquibase.changelog                      : Reading from PUBLIC.DATABASECHANGELOG
2026-02-16T11:17:21.164+01:00  INFO 33227 --- [    Test worker] liquibase.lockservice                    : Successfully acquired change log lock
2026-02-16T11:17:21.166+01:00  INFO 33227 --- [    Test worker] liquibase.command                        : Using deploymentId: 1237041165
2026-02-16T11:17:21.167+01:00  INFO 33227 --- [    Test worker] liquibase.changelog                      : Reading from PUBLIC.DATABASECHANGELOG
Running Changeset: db/changelog/001-create-users-table.xml::001::testit
2026-02-16T11:17:21.208+01:00  INFO 33227 --- [    Test worker] liquibase.changelog                      : Table users created
2026-02-16T11:17:21.210+01:00  INFO 33227 --- [    Test worker] liquibase.changelog                      : ChangeSet db/changelog/001-create-users-table.xml::001::testit ran successfully in 15ms
Running Changeset: db/changelog/002-create-task-table.xml::002::testit
2026-02-16T11:17:21.232+01:00  INFO 33227 --- [    Test worker] liquibase.changelog                      : Table task created
2026-02-16T11:17:21.233+01:00  INFO 33227 --- [    Test worker] liquibase.changelog                      : Sequence task_seq created
2026-02-16T11:17:21.234+01:00  INFO 33227 --- [    Test worker] liquibase.changelog                      : ChangeSet db/changelog/002-create-task-table.xml::002::testit ran successfully in 5ms
2026-02-16T11:17:21.242+01:00  INFO 33227 --- [    Test worker] liquibase.util                           : UPDATE SUMMARY
2026-02-16T11:17:21.242+01:00  INFO 33227 --- [    Test worker] liquibase.util                           : Run:                          2
2026-02-16T11:17:21.242+01:00  INFO 33227 --- [    Test worker] liquibase.util                           : Previously run:               0
2026-02-16T11:17:21.242+01:00  INFO 33227 --- [    Test worker] liquibase.util                           : Filtered out:                 0
2026-02-16T11:17:21.243+01:00  INFO 33227 --- [    Test worker] liquibase.util                           : -------------------------------
2026-02-16T11:17:21.243+01:00  INFO 33227 --- [    Test worker] liquibase.util                           : Total change sets:            2
2026-02-16T11:17:21.243+01:00  INFO 33227 --- [    Test worker] liquibase.util                           : Update summary generated
2026-02-16T11:17:21.245+01:00  INFO 33227 --- [    Test worker] liquibase.command                        : Update command completed successfully.
Liquibase: Update has been successful. Rows affected: 2
2026-02-16T11:17:21.247+01:00  INFO 33227 --- [    Test worker] liquibase.lockservice                    : Successfully released change log lock
2026-02-16T11:17:21.248+01:00  INFO 33227 --- [    Test worker] liquibase.command                        : Command execution complete
2026-02-16T11:17:21.309+01:00  INFO 33227 --- [    Test worker] o.hibernate.jpa.internal.util.LogHelper  : HHH000204: Processing PersistenceUnitInfo [name: default]
2026-02-16T11:17:21.342+01:00  INFO 33227 --- [    Test worker] org.hibernate.Version                    : HHH000412: Hibernate ORM core version 6.3.1.Final
2026-02-16T11:17:21.368+01:00  INFO 33227 --- [    Test worker] o.h.c.internal.RegionFactoryInitiator    : HHH000026: Second-level cache disabled
2026-02-16T11:17:21.517+01:00  INFO 33227 --- [    Test worker] o.s.o.j.p.SpringPersistenceUnitInfo      : No LoadTimeWeaver setup: ignoring JPA class transformer
2026-02-16T11:17:21.544+01:00  WARN 33227 --- [    Test worker] org.hibernate.orm.deprecation            : HHH90000025: H2Dialect does not need to be specified explicitly using 'hibernate.dialect' (remove the property setting and it will be selected by default)
2026-02-16T11:17:21.992+01:00  INFO 33227 --- [    Test worker] o.h.e.t.j.p.i.JtaPlatformInitiator       : HHH000489: No JTA platform available (set 'hibernate.transaction.jta.platform' to enable JTA platform integration)
2026-02-16T11:17:22.009+01:00  INFO 33227 --- [    Test worker] j.LocalContainerEntityManagerFactoryBean : Initialized JPA EntityManagerFactory for persistence unit 'default'
2026-02-16T11:17:22.215+01:00  INFO 33227 --- [    Test worker] o.s.d.j.r.query.QueryEnhancerFactory     : Hibernate is in classpath; If applicable, HQL parser will be used.
2026-02-16T11:17:22.606+01:00  WARN 33227 --- [    Test worker] JpaBaseConfiguration$JpaWebConfiguration : spring.jpa.open-in-view is enabled by default. Therefore, database queries may be performed during view rendering. Explicitly configure spring.jpa.open-in-view to disable this warning
2026-02-16T11:17:22.872+01:00  INFO 33227 --- [    Test worker] o.s.s.web.DefaultSecurityFilterChain     : Will secure any request with [org.springframework.security.web.session.DisableEncodeUrlFilter@746fda68, org.springframework.security.web.context.request.async.WebAsyncManagerIntegrationFilter@77cac3b, org.springframework.security.web.context.SecurityContextHolderFilter@5af535ff, org.springframework.security.web.header.HeaderWriterFilter@73e054c0, org.springframework.web.filter.CorsFilter@3167c0d, org.springframework.security.web.authentication.logout.LogoutFilter@41861964, org.springframework.security.web.authentication.www.BasicAuthenticationFilter@46a6b8d6, org.springframework.security.web.savedrequest.RequestCacheAwareFilter@60c3f653, org.springframework.security.web.servletapi.SecurityContextHolderAwareRequestFilter@7075ef91, org.springframework.security.web.authentication.AnonymousAuthenticationFilter@74f23ecc, org.springframework.security.web.session.SessionManagementFilter@3c9e06d7, org.springframework.security.web.access.ExceptionTranslationFilter@21f4f5d4, org.springframework.security.web.access.intercept.AuthorizationFilter@2cf88ae1]
2026-02-16T11:17:23.059+01:00  INFO 33227 --- [    Test worker] o.s.b.a.h2.H2ConsoleAutoConfiguration    : H2 console available at '/h2-console'. Database available at 'jdbc:h2:mem:testdb'
2026-02-16T11:17:23.132+01:00  INFO 33227 --- [    Test worker] o.s.b.t.m.w.SpringBootMockServletContext : Initializing Spring TestDispatcherServlet ''
2026-02-16T11:17:23.133+01:00  INFO 33227 --- [    Test worker] o.s.t.web.servlet.TestDispatcherServlet  : Initializing Servlet ''
2026-02-16T11:17:23.134+01:00  INFO 33227 --- [    Test worker] o.s.t.web.servlet.TestDispatcherServlet  : Completed initialization in 1 ms
2026-02-16T11:17:23.154+01:00  INFO 33227 --- [    Test worker] com.example.testit.TaskControllerTest    : Started TaskControllerTest in 3.822 seconds (process running for 4.754)
2026-02-16T11:17:23.763+01:00 DEBUG 33227 --- [    Test worker] o.s.security.web.FilterChainProxy        : Securing POST /tasks
2026-02-16T11:17:23.768+01:00  WARN 33227 --- [    Test worker] o.s.w.s.h.HandlerMappingIntrospector     : Cache miss for REQUEST dispatch to '/tasks' (previous null). Performing CorsConfiguration lookup. This is logged once only at WARN level, and every time at TRACE.
2026-02-16T11:17:23.834+01:00  INFO 33227 --- [    Test worker] c.e.testit.service.MyUserDetailService   : Load user by username: testuser
2026-02-16T11:17:23.888+01:00  INFO 33227 --- [    Test worker] c.e.testit.service.MyUserDetailService   : User found: testuser
2026-02-16T11:17:23.950+01:00 DEBUG 33227 --- [    Test worker] o.s.s.a.dao.DaoAuthenticationProvider    : Authenticated user
2026-02-16T11:17:23.951+01:00 DEBUG 33227 --- [    Test worker] o.s.s.w.a.www.BasicAuthenticationFilter  : Set SecurityContextHolder to UsernamePasswordAuthenticationToken [Principal=com.example.testit.security.MyUserPrincipal@26a8eaaa, Credentials=[PROTECTED], Authenticated=true, Details=WebAuthenticationDetails [RemoteIpAddress=127.0.0.1, SessionId=null], Granted Authorities=[]]
2026-02-16T11:17:23.952+01:00 DEBUG 33227 --- [    Test worker] o.s.security.web.FilterChainProxy        : Secured POST /tasks
2026-02-16T11:17:24.159+01:00 DEBUG 33227 --- [    Test worker] o.s.security.web.FilterChainProxy        : Securing GET /tasks/user/2
2026-02-16T11:17:24.160+01:00  INFO 33227 --- [    Test worker] c.e.testit.service.MyUserDetailService   : Load user by username: testuser
2026-02-16T11:17:24.162+01:00  INFO 33227 --- [    Test worker] c.e.testit.service.MyUserDetailService   : User found: testuser
2026-02-16T11:17:24.221+01:00 DEBUG 33227 --- [    Test worker] o.s.s.a.dao.DaoAuthenticationProvider    : Authenticated user
2026-02-16T11:17:24.221+01:00 DEBUG 33227 --- [    Test worker] o.s.s.w.a.www.BasicAuthenticationFilter  : Set SecurityContextHolder to UsernamePasswordAuthenticationToken [Principal=com.example.testit.security.MyUserPrincipal@57e9dd1f, Credentials=[PROTECTED], Authenticated=true, Details=WebAuthenticationDetails [RemoteIpAddress=127.0.0.1, SessionId=null], Granted Authorities=[]]
2026-02-16T11:17:24.221+01:00 DEBUG 33227 --- [    Test worker] o.s.security.web.FilterChainProxy        : Secured GET /tasks/user/2
2026-02-16T11:17:24.298+01:00 DEBUG 33227 --- [    Test worker] o.s.security.web.FilterChainProxy        : Securing GET /tasks
2026-02-16T11:17:24.298+01:00  INFO 33227 --- [    Test worker] c.e.testit.service.MyUserDetailService   : Load user by username: testuser
2026-02-16T11:17:24.301+01:00  INFO 33227 --- [    Test worker] c.e.testit.service.MyUserDetailService   : User found: testuser
2026-02-16T11:17:24.359+01:00 DEBUG 33227 --- [    Test worker] o.s.s.a.dao.DaoAuthenticationProvider    : Authenticated user
2026-02-16T11:17:24.359+01:00 DEBUG 33227 --- [    Test worker] o.s.s.w.a.www.BasicAuthenticationFilter  : Set SecurityContextHolder to UsernamePasswordAuthenticationToken [Principal=com.example.testit.security.MyUserPrincipal@3d6fe206, Credentials=[PROTECTED], Authenticated=true, Details=WebAuthenticationDetails [RemoteIpAddress=127.0.0.1, SessionId=null], Granted Authorities=[]]
2026-02-16T11:17:24.360+01:00 DEBUG 33227 --- [    Test worker] o.s.security.web.FilterChainProxy        : Secured GET /tasks
]]></system-out>
  <system-err><![CDATA[WARNING: A Java agent has been loaded dynamically (/home/luth3r/.gradle/caches/modules-2/files-2.1/net.bytebuddy/byte-buddy-agent/1.14.10/90ed94ac044ea8953b224304c762316e91fd6b31/byte-buddy-agent-1.14.10.jar)
WARNING: If a serviceability tool is in use, please run with -XX:+EnableDynamicAgentLoading to hide this warning
WARNING: If a serviceability tool is not in use, please run with -Djdk.instrument.traceUsage for more information
WARNING: Dynamic loading of agents will be disallowed by default in a future release
]]></system-err>
</testsuite>
